2026-04-24 11:21:04 PM +0000  Initial pipeline context: <IDEDistributionProcessingPipelineContext: 0xc09da5500; archive(resolved)="<IDEArchive: 0xbeedcdea0>", distributionTask(resolved)="2", distributionDestination(resolved)="1", distributionMethod(resolved)="<IDEDistributionMethodiOSAdHoc: 0xbf2931640>", team(resolved)="<IDEProvisioningDisambiguatableBasicTeam: 0xbff8da880; teamID='Z76TMMNBGS', teamName='jeff chadkirk', teamType='Individual', username='jiffa14@gmail.com', isFreeProvisioningTeam='0'>">
	Chain (16, self inclusive):
	<IDEDistributionProcessingPipelineContext: 0xc09da5500; archive = "<IDEArchive: 0xbeedcdea0>", distributionMethod="<IDEDistributionMethodiOSAdHoc: 0xbf2931640>", team="<IDEProvisioningDisambiguatableBasicTeam: 0xbff8da880; teamID='Z76TMMNBGS', teamName='jeff chadkirk', teamType='Individual', username='jiffa14@gmail.com', isFreeProvisioningTeam='0'>">
	<IDEDistributionProcessingPipelineContext: 0xc09da6400; archive = "<IDEArchive: 0xbeedcdea0>", distributionMethod="<IDEDistributionMethodiOSAdHoc: 0xbf2931640>", team="<IDEProvisioningDisambiguatableBasicTeam: 0xbff8da880; teamID='Z76TMMNBGS', teamName='jeff chadkirk', teamType='Individual', username='jiffa14@gmail.com', isFreeProvisioningTeam='0'>">
	<IDEDistributionContext: 0xc08b71680; archive = "<IDEArchive: 0xbeedcdea0>", distributionMethod="<IDEDistributionMethodiOSAdHoc: 0xbf2931640>", team="<IDEProvisioningDisambiguatableBasicTeam: 0xbff8da880; teamID='Z76TMMNBGS', teamName='jeff chadkirk', teamType='Individual', username='jiffa14@gmail.com', isFreeProvisioningTeam='0'>">
	<IDEDistributionContext: 0xc0ce20a00; archive = "<IDEArchive: 0xbeedcdea0>", distributionMethod="<IDEDistributionMethodiOSAdHoc: 0xbf2931640>", team="<IDEProvisioningDisambiguatableBasicTeam: 0xbff8da880; teamID='Z76TMMNBGS', teamName='jeff chadkirk', teamType='Individual', username='jiffa14@gmail.com', isFreeProvisioningTeam='0'>">
	<IDEDistributionContext: 0xc0cdeaf80; archive = "<IDEArchive: 0xbeedcdea0>", distributionMethod="<IDEDistributionMethodiOSAdHoc: 0xbf2931640>", team="<IDEProvisioningDisambiguatableBasicTeam: 0xbff8da880; teamID='Z76TMMNBGS', teamName='jeff chadkirk', teamType='Individual', username='jiffa14@gmail.com', isFreeProvisioningTeam='0'>">
	<IDEDistributionContext: 0xc1159ed00; archive = "<IDEArchive: 0xbeedcdea0>", distributionMethod="<IDEDistributionMethodiOSAdHoc: 0xbf2931640>", team="<IDEProvisioningDisambiguatableBasicTeam: 0xbff8da880; teamID='Z76TMMNBGS', teamName='jeff chadkirk', teamType='Individual', username='jiffa14@gmail.com', isFreeProvisioningTeam='0'>">
	<IDEDistributionContext: 0xc1159d900; archive = "<IDEArchive: 0xbeedcdea0>", distributionMethod="<IDEDistributionMethodiOSAdHoc: 0xbf2931640>", team="<IDEProvisioningDisambiguatableBasicTeam: 0xbff8da880; teamID='Z76TMMNBGS', teamName='jeff chadkirk', teamType='Individual', username='jiffa14@gmail.com', isFreeProvisioningTeam='0'>">
	<IDEDistributionContext: 0xc1159d180; archive = "<IDEArchive: 0xbeedcdea0>", distributionMethod="<IDEDistributionMethodiOSAdHoc: 0xbf2931640>", team="<IDEProvisioningDisambiguatableBasicTeam: 0xbff8da880; teamID='Z76TMMNBGS', teamName='jeff chadkirk', teamType='Individual', username='jiffa14@gmail.com', isFreeProvisioningTeam='0'>">
	<IDEDistributionContext: 0xc1159f480; archive = "<IDEArchive: 0xbeedcdea0>", distributionMethod="<IDEDistributionMethodiOSAdHoc: 0xbf2931640>", team="<IDEProvisioningDisambiguatableBasicTeam: 0xbff8da880; teamID='Z76TMMNBGS', teamName='jeff chadkirk', teamType='Individual', username='jiffa14@gmail.com', isFreeProvisioningTeam='0'>">
	<IDEDistributionContext: 0xc1159f700; archive = "<IDEArchive: 0xbeedcdea0>", distributionMethod="<IDEDistributionMethodiOSAdHoc: 0xbf2931640>", team="(null)">
	<IDEDistributionContext: 0xc1159c500; archive = "<IDEArchive: 0xbeedcdea0>", distributionMethod="<IDEDistributionMethodiOSAdHoc: 0xbf2931640>", team="(null)">
	<IDEDistributionContext: 0xc1159f980; archive = "<IDEArchive: 0xbeedcdea0>", distributionMethod="<IDEDistributionMethodiOSAdHoc: 0xbf2931640>", team="(null)">
	<IDEDistributionContext: 0xc1159d680; archive = "<IDEArchive: 0xbeedcdea0>", distributionMethod="<IDEDistributionMethodiOSAdHoc: 0xbf2931640>", team="(null)">
	<IDEDistributionContext: 0xc07bde580; archive = "<IDEArchive: 0xbeedcdea0>", distributionMethod="(null)", team="(null)">
	<IDEDistributionContext: 0xc0cde9680; archive = "<IDEArchive: 0xbeedcdea0>", distributionMethod="(null)", team="(null)">
	<IDEDistributionContext: 0xc0cdea580; archive = "<IDEArchive: 0xbeedcdea0>", distributionMethod="(null)", team="(null)">
</IDEDistributionProcessingPipelineContext: 0xc09da5500>
2026-04-24 11:21:04 PM +0000  Processing step: IDEDistributionCreateDestRootStep
2026-04-24 11:21:04 PM +0000  Processing step: IDEDistributionCopyItemStep
2026-04-24 11:21:04 PM +0000  Running /usr/bin/ditto '-V' '/Users/jiff/Library/Developer/Xcode/Archives/2026-04-25/NPEReport 25-4-2026, 9.20 AM.xcarchive/Products/Applications/NPEReport.app' '/var/folders/8b/ht66plb16y93g2g2txxnzhs40000gp/T/XcodeDistPipeline.~~~HOVn89/Root/Payload/NPEReport.app'
2026-04-24 11:21:04 PM +0000  >>> Copying /Users/jiff/Library/Developer/Xcode/Archives/2026-04-25/NPEReport 25-4-2026, 9.20 AM.xcarchive/Products/Applications/NPEReport.app 
2026-04-24 11:21:04 PM +0000  copying file ./_CodeSignature/CodeResources ... 
2026-04-24 11:21:04 PM +0000  3393 bytes for ./_CodeSignature/CodeResources
2026-04-24 11:21:04 PM +0000  copying file ./AS3000.pdf ... 
2026-04-24 11:21:04 PM +0000  38787997 bytes for ./AS3000.pdf
2026-04-24 11:21:04 PM +0000  copying file ./NPEReport ... 
2026-04-24 11:21:04 PM +0000  1189472 bytes for ./NPEReport
2026-04-24 11:21:04 PM +0000  copying file ./AS3017.pdf ... 
2026-04-24 11:21:04 PM +0000  2855038 bytes for ./AS3017.pdf
2026-04-24 11:21:04 PM +0000  copying file ./AppIcon60x60@2x.png ... 
2026-04-24 11:21:04 PM +0000  9626 bytes for ./AppIcon60x60@2x.png
copying file ./Assets.car ... 
2026-04-24 11:21:04 PM +0000  1371768 bytes for ./Assets.car
2026-04-24 11:21:04 PM +0000  copying file ./AppIcon76x76@2x~ipad.png ... 
2026-04-24 11:21:04 PM +0000  12524 bytes for ./AppIcon76x76@2x~ipad.png
2026-04-24 11:21:04 PM +0000  copying file ./embedded.mobileprovision ... 
2026-04-24 11:21:04 PM +0000  18312 bytes for ./embedded.mobileprovision
2026-04-24 11:21:04 PM +0000  copying file ./Info.plist ... 
2026-04-24 11:21:04 PM +0000  1735 bytes for ./Info.plist
2026-04-24 11:21:04 PM +0000  copying file ./AS3008.pdf ... 
2026-04-24 11:21:04 PM +0000  9437034 bytes for ./AS3008.pdf
2026-04-24 11:21:04 PM +0000  copying file ./PkgInfo ... 
2026-04-24 11:21:04 PM +0000  8 bytes for ./PkgInfo
2026-04-24 11:21:04 PM +0000  /usr/bin/ditto exited with 0
2026-04-24 11:21:04 PM +0000  Processing step: IDEDistributionEmbedProfileStep
2026-04-24 11:21:04 PM +0000  Processing step: IDEDistributionInfoPlistStep
2026-04-24 11:21:04 PM +0000  Skipping step: IDEDistributionInfoPlistStep because it said so
2026-04-24 11:21:04 PM +0000  Processing step: IDEDistributionAppThinningPlistStep
2026-04-24 11:21:04 PM +0000  Skipping step: IDEDistributionAppThinningPlistStep because it said so
2026-04-24 11:21:04 PM +0000  Processing step: IDEDistributionSymbolsStep
2026-04-24 11:21:04 PM +0000  Skipping step: IDEDistributionSymbolsStep because it said so
2026-04-24 11:21:04 PM +0000  Processing step: IDEDistributionAppThinningStep
2026-04-24 11:21:04 PM +0000  Skipping step: IDEDistributionAppThinningStep because it said so
2026-04-24 11:21:04 PM +0000  Processing step: IDEDistributionArchThinningStep
2026-04-24 11:21:04 PM +0000  Archs to thin for item /Users/jiff/Library/Developer/Xcode/Archives/2026-04-25/NPEReport 25-4-2026, 9.20 AM.xcarchive/Products/Applications/NPEReport.app are []
2026-04-24 11:21:04 PM +0000  Processing step: IDEDistributionODRStep
2026-04-24 11:21:04 PM +0000  Processing step: IDEDistributionStripXattrsStep
2026-04-24 11:21:04 PM +0000  Skipping stripping extended attributes because the codesign step will strip them.
2026-04-24 11:21:04 PM +0000  Processing step: IDEDistributionCodesignStep
2026-04-24 11:21:04 PM +0000  Entitlements for <IDEDistributionItem: 0xc11d4dc80; bundleID='au.com.npcontracting.npereport', path='<DVTFilePath:0xc11d4c360:'/Users/jiff/Library/Developer/Xcode/Archives/2026-04-25/NPEReport 25-4-2026, 9.20 AM.xcarchive/Products/Applications/NPEReport.app'>', codeSigningInfo='<_DVTCodeSigningInformation_Path: 0xc11d4dc20; isSigned='1', isAdHocSigned='0', signingCertificate='<DVTSigningCertificate: 0xc10fd4900; name='Apple Development: jeff chadkirk (DB7UBRF6NP)', hash='4661AA5FD92B24A75C636333CF404499725E4433', serialNumber='5BA3AC47585E26DB41A46FA4B3E58DA9', certificateKinds='(
    "1.2.840.113635.100.6.1.12",
    "1.2.840.113635.100.6.1.2"
), issueDate='2026-04-23 7:30:26 AM +0000''>', entitlements='{
    "application-identifier" = "Z76TMMNBGS.au.com.npcontracting.npereport";
    "com.apple.developer.team-identifier" = Z76TMMNBGS;
    "get-task-allow" = 1;
}', teamID='Z76TMMNBGS', identifier='au.com.npcontracting.npereport', executablePath='<DVTFilePath:0xc0cda9a40:'/Users/jiff/Library/Developer/Xcode/Archives/2026-04-25/NPEReport 25-4-2026, 9.20 AM.xcarchive/Products/Applications/NPEReport.app/NPEReport'>', hardenedRuntime='0'>'>: {
    "application-identifier" = "Z76TMMNBGS.au.com.npcontracting.npereport";
    "com.apple.developer.team-identifier" = Z76TMMNBGS;
    "get-task-allow" = 0;
}
2026-04-24 11:21:04 PM +0000  Associated App Clip Identifiers Filter: Skipping because "com.apple.developer.associated-appclip-app-identifiers" is not present
2026-04-24 11:21:04 PM +0000  Entitlements for <IDEDistributionItem: 0xc11d4dc80; bundleID='au.com.npcontracting.npereport', path='<DVTFilePath:0xc11d4c360:'/Users/jiff/Library/Developer/Xcode/Archives/2026-04-25/NPEReport 25-4-2026, 9.20 AM.xcarchive/Products/Applications/NPEReport.app'>', codeSigningInfo='<_DVTCodeSigningInformation_Path: 0xc11d4dc20; isSigned='1', isAdHocSigned='0', signingCertificate='<DVTSigningCertificate: 0xc10fd4a80; name='Apple Development: jeff chadkirk (DB7UBRF6NP)', hash='4661AA5FD92B24A75C636333CF404499725E4433', serialNumber='5BA3AC47585E26DB41A46FA4B3E58DA9', certificateKinds='(
    "1.2.840.113635.100.6.1.12",
    "1.2.840.113635.100.6.1.2"
), issueDate='2026-04-23 7:30:26 AM +0000''>', entitlements='{
    "application-identifier" = "Z76TMMNBGS.au.com.npcontracting.npereport";
    "com.apple.developer.team-identifier" = Z76TMMNBGS;
    "get-task-allow" = 1;
}', teamID='Z76TMMNBGS', identifier='au.com.npcontracting.npereport', executablePath='<DVTFilePath:0xc0cda9a40:'/Users/jiff/Library/Developer/Xcode/Archives/2026-04-25/NPEReport 25-4-2026, 9.20 AM.xcarchive/Products/Applications/NPEReport.app/NPEReport'>', hardenedRuntime='0'>'> are: {
    "application-identifier" = "Z76TMMNBGS.au.com.npcontracting.npereport";
    "com.apple.developer.team-identifier" = Z76TMMNBGS;
    "get-task-allow" = 0;
}
2026-04-24 11:21:04 PM +0000  Writing entitlements for <IDEDistributionItem: 0xc11d4dc80; bundleID='au.com.npcontracting.npereport', path='<DVTFilePath:0xc11d4c360:'/Users/jiff/Library/Developer/Xcode/Archives/2026-04-25/NPEReport 25-4-2026, 9.20 AM.xcarchive/Products/Applications/NPEReport.app'>', codeSigningInfo='<_DVTCodeSigningInformation_Path: 0xc11d4dc20; isSigned='1', isAdHocSigned='0', signingCertificate='<DVTSigningCertificate: 0xc10fd4a80; name='Apple Development: jeff chadkirk (DB7UBRF6NP)', hash='4661AA5FD92B24A75C636333CF404499725E4433', serialNumber='5BA3AC47585E26DB41A46FA4B3E58DA9', certificateKinds='(
    "1.2.840.113635.100.6.1.12",
    "1.2.840.113635.100.6.1.2"
), issueDate='2026-04-23 7:30:26 AM +0000''>', entitlements='{
    "application-identifier" = "Z76TMMNBGS.au.com.npcontracting.npereport";
    "com.apple.developer.team-identifier" = Z76TMMNBGS;
    "get-task-allow" = 1;
}', teamID='Z76TMMNBGS', identifier='au.com.npcontracting.npereport', executablePath='<DVTFilePath:0xc0cda9a40:'/Users/jiff/Library/Developer/Xcode/Archives/2026-04-25/NPEReport 25-4-2026, 9.20 AM.xcarchive/Products/Applications/NPEReport.app/NPEReport'>', hardenedRuntime='0'>'> to: /var/folders/8b/ht66plb16y93g2g2txxnzhs40000gp/T/XcodeDistPipeline.~~~HOVn89/entitlements~~~7b1bYO
2026-04-24 11:21:04 PM +0000  invoking codesign: <NSConcreteTask: 0xc11c01e50; launchPath='/usr/bin/codesign', arguments='(
    "-f",
    "-s",
    34E8CA85C02EDCF434E4A66BF71DB7F838F83F73,
    "--entitlements",
    "/var/folders/8b/ht66plb16y93g2g2txxnzhs40000gp/T/XcodeDistPipeline.~~~HOVn89/entitlements~~~7b1bYO",
    "--preserve-metadata=identifier,flags,runtime,launch-constraints,library-constraints",
    "--generate-entitlement-der",
    "--strip-disallowed-xattrs",
    "-vvv",
    "/var/folders/8b/ht66plb16y93g2g2txxnzhs40000gp/T/XcodeDistPipeline.~~~HOVn89/Root/Payload/NPEReport.app"
)'>
2026-04-24 11:21:04 PM +0000  codesign output: /var/folders/8b/ht66plb16y93g2g2txxnzhs40000gp/T/XcodeDistPipeline.~~~HOVn89/Root/Payload/NPEReport.app: replacing existing signature
/var/folders/8b/ht66plb16y93g2g2txxnzhs40000gp/T/XcodeDistPipeline.~~~HOVn89/Root/Payload/NPEReport.app: signed app bundle with Mach-O thin (arm64) [au.com.npcontracting.npereport]
2026-04-24 11:21:04 PM +0000  Processing step: IDEDistributionZipODRItemStep
2026-04-24 11:21:04 PM +0000  Skipping step: IDEDistributionZipODRItemStep because it said so
2026-04-24 11:21:04 PM +0000  Processing step: IDEDistributionCreateIPAStep
2026-04-24 11:21:04 PM +0000  Running /usr/bin/ditto '-V' '-c' '-k' '--norsrc' '/var/folders/8b/ht66plb16y93g2g2txxnzhs40000gp/T/XcodeDistPipeline.~~~HOVn89/Root' '/var/folders/8b/ht66plb16y93g2g2txxnzhs40000gp/T/XcodeDistPipeline.~~~HOVn89/Packages/NPEReport.ipa'
2026-04-24 11:21:04 PM +0000  >>> Copying /var/folders/8b/ht66plb16y93g2g2txxnzhs40000gp/T/XcodeDistPipeline.~~~HOVn89/Root 
2026-04-24 11:21:04 PM +0000  copying file ./Payload/NPEReport.app/_CodeSignature/CodeResources ... 
2026-04-24 11:21:04 PM +0000  3393 bytes for ./Payload/NPEReport.app/_CodeSignature/CodeResources
2026-04-24 11:21:04 PM +0000  copying file ./Payload/NPEReport.app/AS3000.pdf ... 
2026-04-24 11:21:05 PM +0000  38787997 bytes for ./Payload/NPEReport.app/AS3000.pdf
2026-04-24 11:21:05 PM +0000  copying file ./Payload/NPEReport.app/NPEReport ... 
2026-04-24 11:21:05 PM +0000  1189472 bytes for ./Payload/NPEReport.app/NPEReport
2026-04-24 11:21:05 PM +0000  copying file ./Payload/NPEReport.app/AS3017.pdf ... 
2026-04-24 11:21:05 PM +0000  2855038 bytes for ./Payload/NPEReport.app/AS3017.pdf
2026-04-24 11:21:05 PM +0000  copying file ./Payload/NPEReport.app/AppIcon60x60@2x.png ... 
2026-04-24 11:21:05 PM +0000  9626 bytes for ./Payload/NPEReport.app/AppIcon60x60@2x.png
2026-04-24 11:21:05 PM +0000  copying file ./Payload/NPEReport.app/Assets.car ... 
2026-04-24 11:21:05 PM +0000  1371768 bytes for ./Payload/NPEReport.app/Assets.car
2026-04-24 11:21:05 PM +0000  copying file ./Payload/NPEReport.app/AppIcon76x76@2x~ipad.png ... 
2026-04-24 11:21:05 PM +0000  12524 bytes for ./Payload/NPEReport.app/AppIcon76x76@2x~ipad.png
2026-04-24 11:21:05 PM +0000  copying file ./Payload/NPEReport.app/embedded.mobileprovision ... 
2026-04-24 11:21:05 PM +0000  14468 bytes for ./Payload/NPEReport.app/embedded.mobileprovision
2026-04-24 11:21:05 PM +0000  copying file ./Payload/NPEReport.app/Info.plist ... 
2026-04-24 11:21:05 PM +0000  1735 bytes for ./Payload/NPEReport.app/Info.plist
2026-04-24 11:21:05 PM +0000  copying file ./Payload/NPEReport.app/AS3008.pdf ... 
2026-04-24 11:21:05 PM +0000  9437034 bytes for ./Payload/NPEReport.app/AS3008.pdf
2026-04-24 11:21:05 PM +0000  copying file ./Payload/NPEReport.app/PkgInfo ... 
8 bytes for ./Payload/NPEReport.app/PkgInfo
2026-04-24 11:21:05 PM +0000  /usr/bin/ditto exited with 0
2026-04-24 11:21:05 PM +0000  Processing step: IDEDistributionAppStoreInformationStep
2026-04-24 11:21:05 PM +0000  Skipping step: IDEDistributionAppStoreInformationStep because it said so
2026-04-24 11:21:05 PM +0000  Processing step: IDEDistributionGenerateProcessedDistributionItems
2026-04-24 11:21:05 PM +0000  IDEDistributionItem init <DVTFilePath:0xc0d25e100:'/var/folders/8b/ht66plb16y93g2g2txxnzhs40000gp/T/XcodeDistPipeline.~~~HOVn89/Root/Payload/NPEReport.app'>
2026-04-24 11:21:05 PM +0000  Processing step: IDEDistributionCreateManifestStep
